Using pre-set license
Built from '2020.3/staging' branch; Version is '2020.3.26f1 (7298b473bc1a) revision 7510196'; Using compiler version '192528614'; Build Type 'Release'
OS: 'Windows 10  (10.0.19042) 64bit Core' Language: 'en' Physical Memory: 16230 MB
BatchMode: 1, IsHumanControllingUs: 0, StartBugReporterOnCrash: 0, Is64bit: 1, IsPro: 0

COMMAND LINE ARGUMENTS:
C:\Program Files\Unity\Hub\Editor\2020.3.26f1\Editor\Unity.exe
-adb2
-batchMode
-noUpm
-name
AssetImportWorker0
-projectPath
C:/Users/mattt/Documents/Unity/Games Project/Graphic playabout
-logFile
Logs/AssetImportWorker0.log
-srvPort
62243
Successfully changed project path to: C:/Users/mattt/Documents/Unity/Games Project/Graphic playabout
C:/Users/mattt/Documents/Unity/Games Project/Graphic playabout
Using Asset Import Pipeline V2.
Refreshing native plugins compatible for Editor in 57.44 ms, found 2 plugins.
Preloading 0 native plugins for Editor in 0.00 ms.
Initialize engine version: 2020.3.26f1 (7298b473bc1a)
[Subsystems] Discovering subsystems at path C:/Program Files/Unity/Hub/Editor/2020.3.26f1/Editor/Data/Resources/UnitySubsystems
[Subsystems] Discovering subsystems at path C:/Users/mattt/Documents/Unity/Games Project/Graphic playabout/Assets
GfxDevice: creating device client; threaded=0
Direct3D:
    Version:  Direct3D 11.0 [level 11.1]
    Renderer: NVIDIA GeForce GTX 1660 Ti (ID=0x2191)
    Vendor:   
    VRAM:     5991 MB
    Driver:   27.21.14.6589
Initialize mono
Mono path[0] = 'C:/Program Files/Unity/Hub/Editor/2020.3.26f1/Editor/Data/Managed'
Mono path[1] = 'C:/Program Files/Unity/Hub/Editor/2020.3.26f1/Editor/Data/MonoBleedingEdge/lib/mono/unityjit'
Mono config path = 'C:/Program Files/Unity/Hub/Editor/2020.3.26f1/Editor/Data/MonoBleedingEdge/etc'
Using monoOptions --debugger-agent=transport=dt_socket,embedding=1,server=y,suspend=n,address=127.0.0.1:56680
Begin MonoManager ReloadAssembly
Registering precompiled unity dll's ...
Register platform support module: C:/Program Files/Unity/Hub/Editor/2020.3.26f1/Editor/Data/PlaybackEngines/WebGLSupport/UnityEditor.WebGL.Extensions.dll
Register platform support module: C:/Program Files/Unity/Hub/Editor/2020.3.26f1/Editor/Data/PlaybackEngines/WindowsStandaloneSupport/UnityEditor.WindowsStandalone.Extensions.dll
Registered in 0.002177 seconds.
Native extension for WindowsStandalone target not found
Native extension for WebGL target not found
Refreshing native plugins compatible for Editor in 56.52 ms, found 2 plugins.
Preloading 0 native plugins for Editor in 0.00 ms.
Mono: successfully reloaded assembly
- Completed reload, in  0.623 seconds
Domain Reload Profiling:
	ReloadAssembly (623ms)
		BeginReloadAssembly (53ms)
			ExecutionOrderSort (0ms)
			DisableScriptedObjects (0ms)
			BackupInstance (0ms)
			ReleaseScriptingObjects (0ms)
			CreateAndSetChildDomain (1ms)
		EndReloadAssembly (486ms)
			LoadAssemblies (51ms)
			RebuildTransferFunctionScriptingTraits (0ms)
			SetupTypeCache (164ms)
			ReleaseScriptCaches (0ms)
			RebuildScriptCaches (33ms)
			SetupLoadedEditorAssemblies (189ms)
				LogAssemblyErrors (0ms)
				InitializePlatformSupportModulesInManaged (4ms)
				SetLoadedEditorAssemblies (0ms)
				RefreshPlugins (57ms)
				BeforeProcessingInitializeOnLoad (17ms)
				ProcessInitializeOnLoadAttributes (82ms)
				ProcessInitializeOnLoadMethodAttributes (29ms)
				AfterProcessingInitializeOnLoad (0ms)
				EditorAssembliesLoaded (0ms)
			ExecutionOrderSort2 (0ms)
			AwakeInstancesAfterBackupRestoration (0ms)
Platform modules already initialized, skipping
Registering precompiled user dll's ...
Registered in 0.004787 seconds.
Begin MonoManager ReloadAssembly
Native extension for WindowsStandalone target not found
Native extension for WebGL target not found
Refreshing native plugins compatible for Editor in 70.57 ms, found 2 plugins.
Preloading 0 native plugins for Editor in 0.00 ms.
Mono: successfully reloaded assembly
- Completed reload, in  1.399 seconds
Domain Reload Profiling:
	ReloadAssembly (1399ms)
		BeginReloadAssembly (140ms)
			ExecutionOrderSort (0ms)
			DisableScriptedObjects (5ms)
			BackupInstance (0ms)
			ReleaseScriptingObjects (0ms)
			CreateAndSetChildDomain (18ms)
		EndReloadAssembly (1194ms)
			LoadAssemblies (91ms)
			RebuildTransferFunctionScriptingTraits (0ms)
			SetupTypeCache (427ms)
			ReleaseScriptCaches (1ms)
			RebuildScriptCaches (68ms)
			SetupLoadedEditorAssemblies (449ms)
				LogAssemblyErrors (0ms)
				InitializePlatformSupportModulesInManaged (6ms)
				SetLoadedEditorAssemblies (0ms)
				RefreshPlugins (71ms)
				BeforeProcessingInitializeOnLoad (123ms)
				ProcessInitializeOnLoadAttributes (232ms)
				ProcessInitializeOnLoadMethodAttributes (9ms)
				AfterProcessingInitializeOnLoad (8ms)
				EditorAssembliesLoaded (0ms)
			ExecutionOrderSort2 (0ms)
			AwakeInstancesAfterBackupRestoration (7ms)
Platform modules already initialized, skipping
========================================================================
Worker process is ready to serve import requests
Launched and connected shader compiler UnityShaderCompiler.exe after 0.08 seconds
Refreshing native plugins compatible for Editor in 0.58 ms, found 2 plugins.
Preloading 0 native plugins for Editor in 0.00 ms.
Unloading 3074 Unused Serialized files (Serialized files now loaded: 0)
System memory in use before: 139.6 MB.
System memory in use after: 139.8 MB.

Unloading 20 unused Assets to reduce memory usage. Loaded Objects now: 3510.
Total: 3.405100 ms (FindLiveObjects: 0.393000 ms CreateObjectMapping: 0.147300 ms MarkObjects: 2.799100 ms  DeleteObjects: 0.064700 ms)

AssetImportParameters requested are different than current active one (requested -> active):
  custom:framework-win-MediaFoundation: 216162199b28c13a410421893ffa2e32 -> 
  custom:video-decoder-ogg-theora: a1e56fd34408186e4bbccfd4996cb3dc -> 
  custom:container-muxer-webm: aa71ff27fc2769a1b78a27578f13a17b -> 
  custom:container-demuxer-webm: 4f35f7cbe854078d1ac9338744f61a02 -> 
  custom:container-demuxer-ogg: 62fdf1f143b41e24485cea50d1cbac27 -> 
  custom:video-encoder-webm-vp8: eb34c28f22e8b96e1ab97ce403110664 -> 
  custom:video-decoder-webm-vp8: 9c59270c3fd7afecdb556c50c9e8de78 -> 
  custom:audio-decoder-ogg-vorbis: bf7c407c2cedff20999df2af8eb42d56 -> 
  custom:audio-encoder-webm-vorbis: bf7c407c2cedff20999df2af8eb42d56 -> 
========================================================================
Received Import Request.
  path: Assets/island1.blend
  artifactKey: Guid(bcfa51825a555154ab2c73c23fa6246c) Importer(815301076,1909f56bfc062723c751e8b465ee728b)
Start importing Assets/island1.blend using Guid(bcfa51825a555154ab2c73c23fa6246c) Importer(815301076,1909f56bfc062723c751e8b465ee728b)  -> (artifact id: '8ce1c74beb4e02ff83f6c11b814cee6b') in 0.069043 seconds 
  Import took 0.074402 seconds .

========================================================================
Received Import Request.
  Time since last request: 112.757287 seconds.
  path: Assets/island1.blend
  artifactKey: Guid(bcfa51825a555154ab2c73c23fa6246c) Importer(815301076,1909f56bfc062723c751e8b465ee728b)
Start importing Assets/island1.blend using Guid(bcfa51825a555154ab2c73c23fa6246c) Importer(815301076,1909f56bfc062723c751e8b465ee728b)  -> (artifact id: '27c9a5239248158b9fcf4be1bc0adac4') in 0.287572 seconds 
  Import took 0.296135 seconds .

========================================================================
Received Import Request.
  Time since last request: 116.705081 seconds.
  path: Assets/Materials/Balloon.mat
  artifactKey: Guid(3ae0e68d36a6d1849993278add9ca195) Importer(815301076,1909f56bfc062723c751e8b465ee728b)
Start importing Assets/Materials/Balloon.mat using Guid(3ae0e68d36a6d1849993278add9ca195) Importer(815301076,1909f56bfc062723c751e8b465ee728b)  -> (artifact id: '836ef4c1f08a996474453ba78c679a2a') in 0.057358 seconds 
  Import took 0.063271 seconds .

========================================================================
Received Import Request.
  Time since last request: 8.098057 seconds.
  path: Assets/Materials/Grass.mat
  artifactKey: Guid(38eae12c4a4ada446930643f94d552a9) Importer(815301076,1909f56bfc062723c751e8b465ee728b)
Start importing Assets/Materials/Grass.mat using Guid(38eae12c4a4ada446930643f94d552a9) Importer(815301076,1909f56bfc062723c751e8b465ee728b)  -> (artifact id: '85975f4063aa9429721ff4492a6e29c0') in 0.036513 seconds 
  Import took 0.042008 seconds .

========================================================================
Received Import Request.
  Time since last request: 32.738739 seconds.
  path: Assets/oldShaders and Effects/Materials/MainCameraView.mat
  artifactKey: Guid(74e066f9911287041af9c45bd3129849) Importer(815301076,1909f56bfc062723c751e8b465ee728b)
Start importing Assets/oldShaders and Effects/Materials/MainCameraView.mat using Guid(74e066f9911287041af9c45bd3129849) Importer(815301076,1909f56bfc062723c751e8b465ee728b)  -> (artifact id: '1c312a32d3b249f48c693040a1b160fd') in 0.091010 seconds 
  Import took 0.097134 seconds .

========================================================================
Received Import Request.
  Time since last request: 0.000239 seconds.
  path: Assets/oldShaders and Effects/ScreenMat.mat
  artifactKey: Guid(2e3adeee2026b604c9579c8429640f5d) Importer(815301076,1909f56bfc062723c751e8b465ee728b)
Start importing Assets/oldShaders and Effects/ScreenMat.mat using Guid(2e3adeee2026b604c9579c8429640f5d) Importer(815301076,1909f56bfc062723c751e8b465ee728b)  -> (artifact id: '83fac2fb3d3f49b726be0008775009cc') in 0.040786 seconds 
  Import took 0.046976 seconds .

========================================================================
Received Import Request.
  Time since last request: 5.973607 seconds.
  path: Assets/island1.blend
  artifactKey: Guid(bcfa51825a555154ab2c73c23fa6246c) Importer(815301076,1909f56bfc062723c751e8b465ee728b)
Start importing Assets/island1.blend using Guid(bcfa51825a555154ab2c73c23fa6246c) Importer(815301076,1909f56bfc062723c751e8b465ee728b)  -> (artifact id: 'e93d7cf605f4a8f1b4617a44394e5e9e') in 0.055184 seconds 
  Import took 0.062068 seconds .

========================================================================
Received Import Request.
  Time since last request: 120.881708 seconds.
  path: Assets/CellShader.shader
  artifactKey: Guid(47e0b63e59fd75f4d950b1d0ca64cf4d) Importer(815301076,1909f56bfc062723c751e8b465ee728b)
Start importing Assets/CellShader.shader using Guid(47e0b63e59fd75f4d950b1d0ca64cf4d) Importer(815301076,1909f56bfc062723c751e8b465ee728b)  -> (artifact id: '538befc1ce46b33e2b2b636e6eefe6f2') in 0.008724 seconds 
  Import took 0.018257 seconds .

========================================================================
Received Import Request.
  Time since last request: 1051.551559 seconds.
  path: Assets/oldShaders and Effects/ScreenTexture.renderTexture
  artifactKey: Guid(971048d757e994f4aa5d73484a01c09c) Importer(815301076,1909f56bfc062723c751e8b465ee728b)
Start importing Assets/oldShaders and Effects/ScreenTexture.renderTexture using Guid(971048d757e994f4aa5d73484a01c09c) Importer(815301076,1909f56bfc062723c751e8b465ee728b)  -> (artifact id: '03e089aea11bdf1de198ceb872d8c479') in 0.078720 seconds 
  Import took 0.098907 seconds .

========================================================================
Received Import Request.
  Time since last request: 7.903971 seconds.
  path: Assets/Materials/Material_Roughness.png
  artifactKey: Guid(2962507130072294db6a124a739e2769) Importer(815301076,1909f56bfc062723c751e8b465ee728b)
Start importing Assets/Materials/Material_Roughness.png using Guid(2962507130072294db6a124a739e2769) Importer(815301076,1909f56bfc062723c751e8b465ee728b)  -> (artifact id: 'c96b145320eeae0413e4012996516b3b') in 0.030411 seconds 
  Import took 0.039982 seconds .

========================================================================
Received Import Request.
  Time since last request: 131.247578 seconds.
  path: Assets/Materials/Material_Roughness 1.png
  artifactKey: Guid(b85ae473748805141a22b8279038a45a) Importer(815301076,1909f56bfc062723c751e8b465ee728b)
Start importing Assets/Materials/Material_Roughness 1.png using Guid(b85ae473748805141a22b8279038a45a) Importer(815301076,1909f56bfc062723c751e8b465ee728b)  -> (artifact id: '690e8a43ba276dbb72280b793687bec0') in 0.033672 seconds 
  Import took 0.043452 seconds .

========================================================================
Received Import Request.
  Time since last request: 156.406707 seconds.
  path: Assets/Materials/Grass.mat
  artifactKey: Guid(38eae12c4a4ada446930643f94d552a9) Importer(815301076,1909f56bfc062723c751e8b465ee728b)
Start importing Assets/Materials/Grass.mat using Guid(38eae12c4a4ada446930643f94d552a9) Importer(815301076,1909f56bfc062723c751e8b465ee728b)  -> (artifact id: '16798fd0c31fb2634fa0aa298e23b0fe') in 0.145209 seconds 
  Import took 0.178273 seconds .

AssetImportWorkerClient::OnTransportError - code=2 error=End of file
