Using pre-set license
Built from '2020.3/staging' branch; Version is '2020.3.26f1 (7298b473bc1a) revision 7510196'; Using compiler version '192528614'; Build Type 'Release'
OS: 'Windows 10  (10.0.19042) 64bit Core' Language: 'en' Physical Memory: 16230 MB
BatchMode: 1, IsHumanControllingUs: 0, StartBugReporterOnCrash: 0, Is64bit: 1, IsPro: 0

COMMAND LINE ARGUMENTS:
C:\Program Files\Unity\Hub\Editor\2020.3.26f1\Editor\Unity.exe
-adb2
-batchMode
-noUpm
-name
AssetImportWorker0
-projectPath
C:/Users/mattt/Documents/Unity/Games Project/Graphic playabout
-logFile
Logs/AssetImportWorker0.log
-srvPort
64722
Successfully changed project path to: C:/Users/mattt/Documents/Unity/Games Project/Graphic playabout
C:/Users/mattt/Documents/Unity/Games Project/Graphic playabout
Using Asset Import Pipeline V2.
Refreshing native plugins compatible for Editor in 65.24 ms, found 2 plugins.
Preloading 0 native plugins for Editor in 0.00 ms.
Initialize engine version: 2020.3.26f1 (7298b473bc1a)
[Subsystems] Discovering subsystems at path C:/Program Files/Unity/Hub/Editor/2020.3.26f1/Editor/Data/Resources/UnitySubsystems
[Subsystems] Discovering subsystems at path C:/Users/mattt/Documents/Unity/Games Project/Graphic playabout/Assets
GfxDevice: creating device client; threaded=0
Direct3D:
    Version:  Direct3D 11.0 [level 11.1]
    Renderer: NVIDIA GeForce GTX 1660 Ti (ID=0x2191)
    Vendor:   
    VRAM:     5991 MB
    Driver:   27.21.14.6589
Initialize mono
Mono path[0] = 'C:/Program Files/Unity/Hub/Editor/2020.3.26f1/Editor/Data/Managed'
Mono path[1] = 'C:/Program Files/Unity/Hub/Editor/2020.3.26f1/Editor/Data/MonoBleedingEdge/lib/mono/unityjit'
Mono config path = 'C:/Program Files/Unity/Hub/Editor/2020.3.26f1/Editor/Data/MonoBleedingEdge/etc'
Using monoOptions --debugger-agent=transport=dt_socket,embedding=1,server=y,suspend=n,address=127.0.0.1:56444
Begin MonoManager ReloadAssembly
Registering precompiled unity dll's ...
Register platform support module: C:/Program Files/Unity/Hub/Editor/2020.3.26f1/Editor/Data/PlaybackEngines/WebGLSupport/UnityEditor.WebGL.Extensions.dll
Register platform support module: C:/Program Files/Unity/Hub/Editor/2020.3.26f1/Editor/Data/PlaybackEngines/WindowsStandaloneSupport/UnityEditor.WindowsStandalone.Extensions.dll
Registered in 0.002709 seconds.
Native extension for WindowsStandalone target not found
Native extension for WebGL target not found
Refreshing native plugins compatible for Editor in 64.12 ms, found 2 plugins.
Preloading 0 native plugins for Editor in 0.00 ms.
Mono: successfully reloaded assembly
- Completed reload, in  0.667 seconds
Domain Reload Profiling:
	ReloadAssembly (667ms)
		BeginReloadAssembly (70ms)
			ExecutionOrderSort (0ms)
			DisableScriptedObjects (0ms)
			BackupInstance (0ms)
			ReleaseScriptingObjects (0ms)
			CreateAndSetChildDomain (1ms)
		EndReloadAssembly (512ms)
			LoadAssemblies (67ms)
			RebuildTransferFunctionScriptingTraits (0ms)
			SetupTypeCache (163ms)
			ReleaseScriptCaches (0ms)
			RebuildScriptCaches (35ms)
			SetupLoadedEditorAssemblies (203ms)
				LogAssemblyErrors (0ms)
				InitializePlatformSupportModulesInManaged (5ms)
				SetLoadedEditorAssemblies (0ms)
				RefreshPlugins (64ms)
				BeforeProcessingInitializeOnLoad (18ms)
				ProcessInitializeOnLoadAttributes (86ms)
				ProcessInitializeOnLoadMethodAttributes (29ms)
				AfterProcessingInitializeOnLoad (0ms)
				EditorAssembliesLoaded (0ms)
			ExecutionOrderSort2 (0ms)
			AwakeInstancesAfterBackupRestoration (0ms)
Platform modules already initialized, skipping
Registering precompiled user dll's ...
Registered in 0.006198 seconds.
Begin MonoManager ReloadAssembly
Native extension for WindowsStandalone target not found
Native extension for WebGL target not found
Refreshing native plugins compatible for Editor in 60.50 ms, found 2 plugins.
Preloading 0 native plugins for Editor in 0.00 ms.
Mono: successfully reloaded assembly
- Completed reload, in  1.338 seconds
Domain Reload Profiling:
	ReloadAssembly (1340ms)
		BeginReloadAssembly (166ms)
			ExecutionOrderSort (0ms)
			DisableScriptedObjects (5ms)
			BackupInstance (0ms)
			ReleaseScriptingObjects (0ms)
			CreateAndSetChildDomain (21ms)
		EndReloadAssembly (1102ms)
			LoadAssemblies (107ms)
			RebuildTransferFunctionScriptingTraits (0ms)
			SetupTypeCache (385ms)
			ReleaseScriptCaches (1ms)
			RebuildScriptCaches (57ms)
			SetupLoadedEditorAssemblies (402ms)
				LogAssemblyErrors (0ms)
				InitializePlatformSupportModulesInManaged (5ms)
				SetLoadedEditorAssemblies (0ms)
				RefreshPlugins (61ms)
				BeforeProcessingInitializeOnLoad (108ms)
				ProcessInitializeOnLoadAttributes (212ms)
				ProcessInitializeOnLoadMethodAttributes (9ms)
				AfterProcessingInitializeOnLoad (7ms)
				EditorAssembliesLoaded (0ms)
			ExecutionOrderSort2 (0ms)
			AwakeInstancesAfterBackupRestoration (7ms)
Platform modules already initialized, skipping
========================================================================
Worker process is ready to serve import requests
Launched and connected shader compiler UnityShaderCompiler.exe after 0.08 seconds
Refreshing native plugins compatible for Editor in 0.62 ms, found 2 plugins.
Preloading 0 native plugins for Editor in 0.00 ms.
Unloading 3073 Unused Serialized files (Serialized files now loaded: 0)
System memory in use before: 139.3 MB.
System memory in use after: 139.5 MB.

Unloading 20 unused Assets to reduce memory usage. Loaded Objects now: 3509.
Total: 3.246300 ms (FindLiveObjects: 0.239400 ms CreateObjectMapping: 0.140200 ms MarkObjects: 2.791700 ms  DeleteObjects: 0.074100 ms)

AssetImportParameters requested are different than current active one (requested -> active):
  custom:framework-win-MediaFoundation: 216162199b28c13a410421893ffa2e32 -> 
  custom:video-decoder-ogg-theora: a1e56fd34408186e4bbccfd4996cb3dc -> 
  custom:container-muxer-webm: aa71ff27fc2769a1b78a27578f13a17b -> 
  custom:container-demuxer-webm: 4f35f7cbe854078d1ac9338744f61a02 -> 
  custom:container-demuxer-ogg: 62fdf1f143b41e24485cea50d1cbac27 -> 
  custom:video-encoder-webm-vp8: eb34c28f22e8b96e1ab97ce403110664 -> 
  custom:video-decoder-webm-vp8: 9c59270c3fd7afecdb556c50c9e8de78 -> 
  custom:audio-decoder-ogg-vorbis: bf7c407c2cedff20999df2af8eb42d56 -> 
  custom:audio-encoder-webm-vorbis: bf7c407c2cedff20999df2af8eb42d56 -> 
========================================================================
Received Import Request.
  path: Assets/ShipPrim.prefab
  artifactKey: Guid(3f69ee982b2e235429984df3130f98ec) Importer(815301076,1909f56bfc062723c751e8b465ee728b)
Start importing Assets/ShipPrim.prefab using Guid(3f69ee982b2e235429984df3130f98ec) Importer(815301076,1909f56bfc062723c751e8b465ee728b)  -> (artifact id: 'bd775f1ee097dda50133da12e647118b') in 0.242482 seconds 
  Import took 0.247675 seconds .

========================================================================
Received Import Request.
  Time since last request: 11.475648 seconds.
  path: Assets/Scenes/pkmnCellShade.unity
  artifactKey: Guid(66f31e2d55ad4f34b9a2200a82ee090a) Importer(815301076,1909f56bfc062723c751e8b465ee728b)
Start importing Assets/Scenes/pkmnCellShade.unity using Guid(66f31e2d55ad4f34b9a2200a82ee090a) Importer(815301076,1909f56bfc062723c751e8b465ee728b)  -> (artifact id: 'c6ed04ab04d2a1ffa18253c7da0738cf') in 0.020866 seconds 
  Import took 0.026351 seconds .

========================================================================
Received Import Request.
  Time since last request: 3.887998 seconds.
  path: Assets/Materials/Balloon.mat
  artifactKey: Guid(3ae0e68d36a6d1849993278add9ca195) Importer(815301076,1909f56bfc062723c751e8b465ee728b)
Start importing Assets/Materials/Balloon.mat using Guid(3ae0e68d36a6d1849993278add9ca195) Importer(815301076,1909f56bfc062723c751e8b465ee728b)  -> (artifact id: '3bc19dc118baf1d933fbec32c9fff442') in 0.044081 seconds 
  Import took 0.049476 seconds .

========================================================================
Received Import Request.
  Time since last request: 0.000321 seconds.
  path: Assets/Materials/Skybox.mat
  artifactKey: Guid(46d1cabd7a803534e98ffe203846687f) Importer(815301076,1909f56bfc062723c751e8b465ee728b)
Start importing Assets/Materials/Skybox.mat using Guid(46d1cabd7a803534e98ffe203846687f) Importer(815301076,1909f56bfc062723c751e8b465ee728b)  -> (artifact id: 'b7e597e576de0b4ad3b29d4e115120ce') in 0.035789 seconds 
  Import took 0.041609 seconds .

========================================================================
Received Import Request.
  Time since last request: 0.000343 seconds.
  path: Assets/Materials/Cannon.mat
  artifactKey: Guid(52eb828d264fff24ab5e50919e9ff465) Importer(815301076,1909f56bfc062723c751e8b465ee728b)
Start importing Assets/Materials/Cannon.mat using Guid(52eb828d264fff24ab5e50919e9ff465) Importer(815301076,1909f56bfc062723c751e8b465ee728b)  -> (artifact id: 'c33efd9d0f1646086265652e2c9ee30f') in 0.021630 seconds 
  Import took 0.028156 seconds .

========================================================================
Received Import Request.
  Time since last request: 0.000297 seconds.
  path: Assets/Materials/Cloud.mat
  artifactKey: Guid(fb73acaea64b7814795066ec3496eeec) Importer(815301076,1909f56bfc062723c751e8b465ee728b)
Start importing Assets/Materials/Cloud.mat using Guid(fb73acaea64b7814795066ec3496eeec) Importer(815301076,1909f56bfc062723c751e8b465ee728b)  -> (artifact id: '897d08db6f764b3bdd5b9cdd26949a61') in 0.027817 seconds 
  Import took 0.035938 seconds .

========================================================================
Received Import Request.
  Time since last request: 0.000333 seconds.
  path: Assets/Materials/Brass.mat
  artifactKey: Guid(207260521bdd0f3438e9d284959f7aa6) Importer(815301076,1909f56bfc062723c751e8b465ee728b)
Start importing Assets/Materials/Brass.mat using Guid(207260521bdd0f3438e9d284959f7aa6) Importer(815301076,1909f56bfc062723c751e8b465ee728b)  -> (artifact id: 'ad14a012156292f32985645668e51708') in 0.020585 seconds 
  Import took 0.028074 seconds .

========================================================================
Received Import Request.
  Time since last request: 171.710037 seconds.
  path: Assets/CellShader.shader
  artifactKey: Guid(47e0b63e59fd75f4d950b1d0ca64cf4d) Importer(815301076,1909f56bfc062723c751e8b465ee728b)
Start importing Assets/CellShader.shader using Guid(47e0b63e59fd75f4d950b1d0ca64cf4d) Importer(815301076,1909f56bfc062723c751e8b465ee728b)  -> (artifact id: '1814929504be44c998797f1f894508a4') in 0.010888 seconds 
  Import took 0.019321 seconds .

========================================================================
Received Import Request.
  Time since last request: 457.976628 seconds.
  path: Assets/CellShader.shader
  artifactKey: Guid(47e0b63e59fd75f4d950b1d0ca64cf4d) Importer(815301076,1909f56bfc062723c751e8b465ee728b)
Start importing Assets/CellShader.shader using Guid(47e0b63e59fd75f4d950b1d0ca64cf4d) Importer(815301076,1909f56bfc062723c751e8b465ee728b)  -> (artifact id: 'ef03b437478669113734ecf308c08870') in 0.004968 seconds 
  Import took 0.012711 seconds .

========================================================================
Received Import Request.
  Time since last request: 9.615462 seconds.
  path: Assets/CellShader.shader
  artifactKey: Guid(47e0b63e59fd75f4d950b1d0ca64cf4d) Importer(815301076,1909f56bfc062723c751e8b465ee728b)
Start importing Assets/CellShader.shader using Guid(47e0b63e59fd75f4d950b1d0ca64cf4d) Importer(815301076,1909f56bfc062723c751e8b465ee728b)  -> (artifact id: '258bb8907ea4d0b3da5259dcda51d8b5') in 0.005310 seconds 
  Import took 0.014235 seconds .

========================================================================
Received Import Request.
  Time since last request: 11430.094193 seconds.
  path: Assets/Materials/Balloon.mat
  artifactKey: Guid(3ae0e68d36a6d1849993278add9ca195) Importer(815301076,1909f56bfc062723c751e8b465ee728b)
Start importing Assets/Materials/Balloon.mat using Guid(3ae0e68d36a6d1849993278add9ca195) Importer(815301076,1909f56bfc062723c751e8b465ee728b)  -> (artifact id: '5fa40eb792e640b3922ce88e19ef62e7') in 0.105475 seconds 
  Import took 0.191167 seconds .

========================================================================
Received Import Request.
  Time since last request: 0.000349 seconds.
  path: Assets/Materials/Cannon.mat
  artifactKey: Guid(52eb828d264fff24ab5e50919e9ff465) Importer(815301076,1909f56bfc062723c751e8b465ee728b)
Start importing Assets/Materials/Cannon.mat using Guid(52eb828d264fff24ab5e50919e9ff465) Importer(815301076,1909f56bfc062723c751e8b465ee728b)  -> (artifact id: '9b2ce5c468a8b3f4da4fbccaae2d03b9') in 0.030297 seconds 
  Import took 0.038696 seconds .

========================================================================
Received Import Request.
  Time since last request: 0.000420 seconds.
  path: Assets/Materials/Brass.mat
  artifactKey: Guid(207260521bdd0f3438e9d284959f7aa6) Importer(815301076,1909f56bfc062723c751e8b465ee728b)
Start importing Assets/Materials/Brass.mat using Guid(207260521bdd0f3438e9d284959f7aa6) Importer(815301076,1909f56bfc062723c751e8b465ee728b)  -> (artifact id: 'aa393f281120627e2f9e5f348abbb140') in 0.029750 seconds 
  Import took 0.038678 seconds .

========================================================================
Received Import Request.
  Time since last request: 3293.239378 seconds.
  path: Assets/Scenes/Toon_Profiles/ToonShaders Profile.asset
  artifactKey: Guid(31333175fde73a04080f7786a1af15f2) Importer(815301076,1909f56bfc062723c751e8b465ee728b)
Start importing Assets/Scenes/Toon_Profiles/ToonShaders Profile.asset using Guid(31333175fde73a04080f7786a1af15f2) Importer(815301076,1909f56bfc062723c751e8b465ee728b)  -> (artifact id: 'a44961106184ec6eb65f0d7c9c9a96f3') in 0.071361 seconds 
  Import took 0.157915 seconds .

========================================================================
Received Import Request.
  Time since last request: 0.000398 seconds.
  path: Assets/Scenes/Toon_Profiles/ToonShaders Profile 1.asset
  artifactKey: Guid(93dc707acd76cf942af29f7c126a18a5) Importer(815301076,1909f56bfc062723c751e8b465ee728b)
Start importing Assets/Scenes/Toon_Profiles/ToonShaders Profile 1.asset using Guid(93dc707acd76cf942af29f7c126a18a5) Importer(815301076,1909f56bfc062723c751e8b465ee728b)  -> (artifact id: 'f47451c3d74c4403fb8ba55f681ce436') in 0.054869 seconds 
  Import took 0.064237 seconds .

AssetImportWorkerClient::OnTransportError - code=2 error=End of file
